SF:lib\main.dart
DA:7,0
DA:8,0
DA:12,5
DA:14,1
DA:16,1
DA:17,2
DA:18,1
DA:20,1
DA:23,1
LF:9
LH:7
end_of_record
SF:lib\data\repositories\product_repository_impl.dart
DA:9,4
DA:10,1
DA:11,1
DA:18,1
DA:25,1
DA:34,4
DA:37,8
DA:40,0
DA:44,0
DA:50,2
DA:53,4
DA:56,0
DA:59,0
DA:60,0
DA:61,0
DA:65,0
DA:68,0
DA:72,2
DA:73,4
DA:74,6
DA:75,1
DA:76,2
LF:22
LH:14
end_of_record
SF:lib\domain\entities\product.dart
DA:9,4
DA:18,0
DA:25,0
DA:26,0
DA:27,0
DA:28,0
DA:29,0
DA:30,0
DA:35,0
DA:36,0
DA:37,0
DA:38,0
DA:39,0
DA:40,0
DA:41,0
DA:46,0
DA:47,0
DA:48,0
DA:49,0
DA:50,0
DA:51,0
DA:52,0
DA:56,1
DA:59,1
DA:60,3
DA:61,0
DA:62,0
DA:63,0
DA:64,0
DA:67,0
DA:69,0
DA:70,0
DA:71,0
DA:72,0
DA:73,0
DA:74,0
LF:36
LH:4
end_of_record
SF:lib\domain\usecases\create_product_usecase.dart
DA:9,2
DA:16,4
DA:18,2
DA:20,6
LF:4
LH:4
end_of_record
SF:lib\domain\usecases\delete_product_usecase.dart
DA:8,0
DA:15,4
DA:17,0
DA:19,0
LF:4
LH:1
end_of_record
SF:lib\domain\usecases\update_product_usecase.dart
DA:9,0
DA:16,4
DA:18,0
DA:20,0
LF:4
LH:1
end_of_record
SF:lib\domain\usecases\view_all_products_usecase.dart
DA:9,4
DA:11,4
DA:13,8
LF:3
LH:3
end_of_record
SF:lib\domain\usecases\view_product_usecase.dart
DA:9,0
DA:16,4
DA:18,0
DA:20,0
LF:4
LH:1
end_of_record
SF:lib\providers\product_provider.dart
DA:27,4
DA:28,1
DA:30,12
DA:31,12
DA:32,12
DA:33,12
DA:34,12
DA:37,4
DA:41,4
DA:42,20
DA:43,4
DA:44,4
DA:45,4
DA:49,12
DA:51,0
DA:54,1
DA:56,5
DA:63,0
DA:64,0
DA:68,2
DA:70,10
DA:71,8
DA:72,2
DA:77,0
DA:79,0
DA:80,0
DA:81,0
DA:86,0
DA:88,0
DA:89,0
DA:90,0
DA:95,2
DA:96,4
LF:33
LH:22
end_of_record
SF:lib\routes.dart
DA:13,2
DA:14,1
DA:18,3
DA:19,3
DA:20,3
DA:21,1
DA:25,2
DA:26,2
DA:36,3
DA:40,3
DA:42,3
DA:43,3
DA:49,6
DA:50,3
DA:53,3
DA:56,6
DA:57,3
DA:60,3
DA:62,3
DA:64,3
DA:79,1
DA:86,2
DA:88,4
LF:23
LH:23
end_of_record
SF:lib\theme\app_theme.dart
DA:23,4
DA:24,4
DA:25,12
DA:29,4
DA:30,4
DA:31,4
DA:33,4
DA:43,4
DA:44,4
DA:48,4
DA:60,8
DA:61,4
DA:66,4
DA:71,4
DA:76,4
DA:81,4
DA:86,4
DA:91,4
DA:95,4
DA:102,4
DA:106,4
DA:112,4
DA:116,4
DA:118,4
DA:119,4
DA:120,4
DA:126,4
DA:130,4
DA:131,4
DA:132,8
DA:134,4
DA:135,4
DA:136,8
DA:138,4
DA:139,4
DA:142,4
DA:143,4
DA:146,4
DA:147,4
DA:150,4
DA:151,4
DA:155,4
DA:156,4
DA:158,4
DA:160,4
DA:161,4
DA:163,4
DA:171,4
DA:174,4
DA:175,4
LF:50
LH:50
end_of_record
SF:lib\screens\home_screen.dart
DA:11,7
DA:13,4
DA:15,4
DA:16,4
DA:18,4
DA:20,4
DA:22,4
DA:23,4
DA:24,4
DA:34,4
DA:35,4
DA:36,4
DA:38,4
DA:39,3
DA:40,3
DA:42,3
DA:43,3
DA:46,3
DA:49,3
DA:51,9
DA:54,3
DA:56,9
DA:63,4
DA:71,4
DA:72,4
DA:73,4
DA:74,4
DA:77,2
DA:78,0
DA:79,0
DA:85,4
DA:87,4
DA:88,4
DA:89,4
DA:90,4
DA:91,4
DA:92,4
DA:98,4
DA:99,4
DA:103,4
DA:106,4
DA:118,1
DA:119,1
DA:122,2
DA:127,2
DA:129,2
DA:132,2
DA:136,4
DA:137,2
DA:138,2
DA:139,2
DA:144,0
DA:146,0
DA:149,0
DA:153,0
DA:154,0
DA:155,0
DA:156,0
DA:161,0
DA:162,0
DA:164,0
DA:165,0
DA:166,0
DA:167,0
DA:168,0
DA:170,0
DA:171,0
DA:172,0
DA:180,0
DA:181,0
DA:182,0
DA:184,0
DA:185,0
DA:186,0
DA:187,0
DA:193,0
DA:194,0
DA:195,0
DA:196,0
DA:197,0
DA:199,0
DA:210,2
DA:211,4
DA:212,2
DA:213,2
DA:217,4
LF:86
LH:54
end_of_record
SF:lib\screens\product_view_screen.dart
DA:12,4
DA:14,1
DA:17,3
DA:18,1
DA:19,2
DA:23,0
DA:24,0
DA:31,2
DA:32,1
DA:34,1
DA:35,1
DA:37,1
DA:38,1
DA:39,1
DA:41,1
DA:42,1
DA:43,1
DA:47,0
DA:51,1
DA:52,1
DA:54,1
DA:55,1
DA:56,1
DA:60,0
DA:66,1
DA:67,1
DA:69,1
DA:71,1
DA:73,1
DA:77,2
DA:82,1
DA:84,1
DA:85,1
DA:86,3
DA:93,1
DA:95,1
DA:97,1
DA:99,1
DA:100,1
DA:101,1
DA:102,1
DA:108,1
DA:110,1
DA:111,1
DA:112,1
DA:113,1
DA:115,1
DA:116,1
DA:117,1
DA:119,1
DA:126,1
DA:128,3
DA:133,1
DA:134,1
DA:135,3
DA:144,1
DA:146,1
DA:148,1
DA:150,1
DA:151,1
DA:152,1
DA:153,1
DA:159,1
DA:160,1
DA:161,1
DA:163,1
DA:164,1
DA:165,1
DA:174,1
DA:176,1
DA:177,1
DA:179,3
DA:181,1
DA:182,1
DA:183,3
DA:194,1
DA:196,1
DA:200,0
DA:211,0
DA:212,0
DA:215,0
DA:219,0
DA:220,0
DA:221,0
DA:222,0
DA:227,0
DA:228,0
DA:230,0
DA:231,0
DA:232,0
DA:234,0
DA:236,0
DA:237,0
DA:238,0
DA:240,0
DA:241,0
DA:242,0
DA:243,0
DA:245,0
DA:248,0
DA:249,0
DA:250,0
DA:251,0
DA:252,0
DA:253,0
DA:265,0
DA:266,0
DA:267,0
DA:268,0
DA:272,0
LF:110
LH:73
end_of_record
SF:lib\screens\product_edit_screen.dart
DA:11,4
DA:13,2
DA:14,2
DA:26,2
DA:28,2
DA:31,8
DA:32,4
DA:35,2
DA:36,0
DA:37,0
DA:39,0
DA:40,0
DA:41,0
DA:46,6
DA:47,6
DA:50,2
DA:51,2
DA:52,4
DA:53,2
DA:58,2
DA:60,4
DA:61,4
DA:62,2
DA:65,2
DA:67,2
DA:69,0
DA:70,0
DA:71,0
DA:75,2
DA:76,2
DA:77,2
DA:79,2
DA:80,2
DA:81,4
DA:84,2
DA:85,2
DA:87,2
DA:88,2
DA:89,2
DA:93,2
DA:96,2
DA:98,2
DA:99,2
DA:100,2
DA:102,2
DA:104,2
DA:106,2
DA:107,2
DA:108,2
DA:110,2
DA:111,2
DA:112,2
DA:115,2
DA:118,2
DA:119,2
DA:120,8
DA:131,2
DA:133,2
DA:134,2
DA:137,2
DA:139,2
DA:140,4
DA:143,6
DA:153,2
DA:155,2
DA:156,2
DA:159,2
DA:163,2
DA:164,4
DA:167,6
DA:177,2
DA:179,2
DA:182,2
DA:187,2
DA:188,2
DA:189,2
DA:204,2
DA:206,6
DA:210,6
DA:211,6
DA:215,2
DA:217,0
DA:223,4
DA:224,2
DA:225,2
DA:233,4
DA:237,0
DA:238,0
DA:239,0
DA:240,0
DA:242,0
DA:243,0
DA:248,0
DA:253,0
DA:254,0
DA:255,0
DA:256,0
DA:257,0
DA:258,0
DA:259,0
DA:260,0
DA:262,0
DA:263,0
DA:264,0
DA:272,0
DA:274,0
DA:276,0
DA:277,0
DA:278,0
DA:279,0
DA:285,0
DA:286,0
DA:287,0
LF:113
LH:77
end_of_record
SF:lib\widgets\product_card.dart
DA:13,4
DA:22,4
DA:23,4
DA:30,4
DA:32,12
DA:34,4
DA:35,20
DA:36,4
DA:37,1
DA:38,3
DA:39,3
DA:41,0
DA:42,4
DA:43,4
DA:46,4
DA:47,4
DA:49,4
DA:50,4
DA:51,4
DA:52,4
DA:58,4
DA:60,4
DA:62,4
DA:64,4
DA:65,16
DA:66,4
DA:67,4
DA:68,4
DA:74,4
DA:75,4
DA:78,4
DA:86,4
DA:88,4
DA:90,4
DA:92,4
DA:94,4
DA:95,12
DA:96,12
DA:103,4
DA:105,4
DA:106,4
DA:109,8
DA:112,4
DA:115,8
DA:130,4
DA:135,4
DA:137,4
DA:138,4
DA:140,4
DA:141,4
DA:142,4
DA:144,4
LF:52
LH:51
end_of_record
SF:lib\widgets\pastel_button.dart
DA:13,3
DA:20,3
DA:22,3
DA:24,3
DA:26,3
DA:27,0
DA:28,0
DA:29,0
DA:30,0
DA:31,0
DA:33,0
DA:35,0
DA:36,0
DA:42,3
DA:43,3
DA:44,3
DA:45,3
DA:46,3
DA:47,3
DA:48,3
DA:54,3
DA:55,3
DA:56,3
DA:57,6
DA:59,3
DA:60,3
DA:63,3
DA:67,3
DA:68,3
LF:29
LH:21
end_of_record
SF:lib\widgets\pastel_placeholder_image.dart
DA:11,1
DA:19,1
DA:21,1
DA:22,1
DA:23,1
DA:24,1
DA:25,1
DA:26,2
DA:27,2
DA:28,1
DA:29,1
DA:30,2
DA:36,1
DA:37,1
DA:40,1
LF:15
LH:15
end_of_record
